<?xml version="1.0" encoding="UTF-8"?>
<!-- Generated by org.testng.reporters.JUnitReportReporter -->
<testsuite name="TestNGSessions.HomeTest" tests="2" time="0.017" ignored="4" failures="0" timestamp="23 Apr 2020 02:23:34 GMT" skipped="0" hostname="Naveen-Mac.local" errors="0">
  <testcase name="header" time="0.005" classname="TestNGSessions.HomeTest"/>
  <testcase name="header" time="0.012" classname="TestNGSessions.HomeTest"/>
  <testcase name="tearDown" classname="TestNGSessions.BaseTest">
    <skipped/>
  </testcase> <!-- tearDown -->
  <testcase name="tearDown" classname="TestNGSessions.BaseTest">
    <skipped/>
  </testcase> <!-- tearDown -->
  <testcase name="setup" classname="TestNGSessions.BaseTest">
    <skipped/>
  </testcase> <!-- setup -->
  <testcase name="setup" classname="TestNGSessions.BaseTest">
    <skipped/>
  </testcase> <!-- setup -->
</testsuite> <!-- TestNGSessions.HomeTest -->
