<?xml version="1.0" encoding="UTF-8"?>
<!-- Generated by org.testng.reporters.JUnitReportReporter -->
<testsuite name="TestNGSessions.ContactsTest" tests="2" time="0.023" ignored="4" failures="0" timestamp="23 Apr 2020 02:23:39 GMT" skipped="0" hostname="Naveen-Mac.local" errors="0">
  <testcase name="createContactTest" time="0.003" classname="TestNGSessions.ContactsTest"/>
  <testcase name="createContactTest" time="0.020" classname="TestNGSessions.ContactsTest"/>
  <testcase name="tearDown" classname="TestNGSessions.BaseTest">
    <skipped/>
  </testcase> <!-- tearDown -->
  <testcase name="tearDown" classname="TestNGSessions.BaseTest">
    <skipped/>
  </testcase> <!-- tearDown -->
  <testcase name="setup" classname="TestNGSessions.BaseTest">
    <skipped/>
  </testcase> <!-- setup -->
  <testcase name="setup" classname="TestNGSessions.BaseTest">
    <skipped/>
  </testcase> <!-- setup -->
</testsuite> <!-- TestNGSessions.ContactsTest -->
