<?xml version="1.0" encoding="UTF-8"?>
<!-- Generated by org.testng.reporters.JUnitReportReporter -->
<testsuite name="TestNGSessions.PriorityConcept" tests="6" time="0.019" ignored="0" failures="0" timestamp="21 Apr 2020 02:23:33 GMT" skipped="0" hostname="Naveen-Mac.local" errors="0">
  <testcase name="atest" time="0.002" classname="TestNGSessions.PriorityConcept"/>
  <testcase name="etest" time="0.009" classname="TestNGSessions.PriorityConcept"/>
  <testcase name="ftest" time="0.001" classname="TestNGSessions.PriorityConcept"/>
  <testcase name="btest" time="0.002" classname="TestNGSessions.PriorityConcept"/>
  <testcase name="dtest" time="0.003" classname="TestNGSessions.PriorityConcept"/>
  <testcase name="ctest" time="0.002" classname="TestNGSessions.PriorityConcept"/>
</testsuite> <!-- TestNGSessions.PriorityConcept -->
