<?xml version="1.0" encoding="UTF-8"?>
<!-- Generated by org.testng.reporters.JUnitReportReporter -->
<testsuite name="TestNGSessions.TestNGWithSeleniumCase1" tests="3" time="16.800" ignored="0" failures="0" timestamp="21 Apr 2020 01:52:35 GMT" skipped="0" hostname="Naveen-Mac.local" errors="0">
  <testcase name="urlCheck" time="4.328" classname="TestNGSessions.TestNGWithSeleniumCase1"/>
  <testcase name="titleTest" time="8.816" classname="TestNGSessions.TestNGWithSeleniumCase1"/>
  <testcase name="searchTest" time="3.656" classname="TestNGSessions.TestNGWithSeleniumCase1"/>
</testsuite> <!-- TestNGSessions.TestNGWithSeleniumCase1 -->
