<?xml version="1.0" encoding="UTF-8"?>
<!-- Generated by org.testng.reporters.JUnitReportReporter -->
<testsuite name="TestNGSessions.ExpectedExceptionConcept" tests="1" time="0.010" ignored="0" failures="0" timestamp="23 Apr 2020 01:22:58 GMT" skipped="0" hostname="Naveen-Mac.local" errors="0">
  <testcase name="test1" time="0.010" classname="TestNGSessions.ExpectedExceptionConcept"/>
</testsuite> <!-- TestNGSessions.ExpectedExceptionConcept -->
