<?xml version="1.0" encoding="UTF-8"?>
<!-- Generated by org.testng.reporters.JUnitReportReporter -->
<testsuite name="TestNGSessions.InvocationCountConcept" tests="30" time="0.035" ignored="0" failures="0" timestamp="21 Apr 2020 02:11:50 GMT" skipped="0" hostname="Naveen-Mac.local" errors="0">
  <testcase name="createUserTest" time="0.008" classname="TestNGSessions.InvocationCountConcept"/>
  <testcase name="createUserTest" time="0.000" classname="TestNGSessions.InvocationCountConcept"/>
  <testcase name="searchTest" time="0.002" classname="TestNGSessions.InvocationCountConcept"/>
  <testcase name="createUserTest" time="0.002" classname="TestNGSessions.InvocationCountConcept"/>
  <testcase name="createUserTest" time="0.001" classname="TestNGSessions.InvocationCountConcept"/>
  <testcase name="createUserTest" time="0.000" classname="TestNGSessions.InvocationCountConcept"/>
  <testcase name="createUserTest" time="0.001" classname="TestNGSessions.InvocationCountConcept"/>
  <testcase name="searchTest" time="0.001" classname="TestNGSessions.InvocationCountConcept"/>
  <testcase name="createUserTest" time="0.001" classname="TestNGSessions.InvocationCountConcept"/>
  <testcase name="searchTest" time="0.001" classname="TestNGSessions.InvocationCountConcept"/>
  <testcase name="createUserTest" time="0.001" classname="TestNGSessions.InvocationCountConcept"/>
  <testcase name="searchTest" time="0.000" classname="TestNGSessions.InvocationCountConcept"/>
  <testcase name="createUserTest" time="0.002" classname="TestNGSessions.InvocationCountConcept"/>
  <testcase name="searchTest" time="0.001" classname="TestNGSessions.InvocationCountConcept"/>
  <testcase name="createUserTest" time="0.001" classname="TestNGSessions.InvocationCountConcept"/>
  <testcase name="searchTest" time="0.001" classname="TestNGSessions.InvocationCountConcept"/>
  <testcase name="createUserTest" time="0.001" classname="TestNGSessions.InvocationCountConcept"/>
  <testcase name="createUserTest" time="0.001" classname="TestNGSessions.InvocationCountConcept"/>
  <testcase name="createUserTest" time="0.001" classname="TestNGSessions.InvocationCountConcept"/>
  <testcase name="searchTest" time="0.001" classname="TestNGSessions.InvocationCountConcept"/>
  <testcase name="searchTest" time="0.001" classname="TestNGSessions.InvocationCountConcept"/>
  <testcase name="createUserTest" time="0.001" classname="TestNGSessions.InvocationCountConcept"/>
  <testcase name="searchTest" time="0.001" classname="TestNGSessions.InvocationCountConcept"/>
  <testcase name="createUserTest" time="0.001" classname="TestNGSessions.InvocationCountConcept"/>
  <testcase name="createUserTest" time="0.001" classname="TestNGSessions.InvocationCountConcept"/>
  <testcase name="createUserTest" time="0.000" classname="TestNGSessions.InvocationCountConcept"/>
  <testcase name="createUserTest" time="0.001" classname="TestNGSessions.InvocationCountConcept"/>
  <testcase name="createUserTest" time="0.001" classname="TestNGSessions.InvocationCountConcept"/>
  <testcase name="createUserTest" time="0.001" classname="TestNGSessions.InvocationCountConcept"/>
  <testcase name="searchTest" time="0.000" classname="TestNGSessions.InvocationCountConcept"/>
</testsuite> <!-- TestNGSessions.InvocationCountConcept -->
