<?xml version="1.0" encoding="UTF-8"?>
<!-- Generated by org.testng.reporters.JUnitReportReporter -->
<testsuite name="TestNGSessions.TestNGAnnotations" tests="2" time="0.009" ignored="0" failures="0" timestamp="21 Apr 2020 01:40:45 GMT" skipped="0" hostname="Naveen-Mac.local" errors="0">
  <testcase name="test2" time="0.002" classname="TestNGSessions.TestNGAnnotations"/>
  <testcase name="test1" time="0.007" classname="TestNGSessions.TestNGAnnotations"/>
</testsuite> <!-- TestNGSessions.TestNGAnnotations -->
