<?xml version="1.0" encoding="UTF-8"?>
<!-- Generated by org.testng.reporters.JUnitReportReporter -->
<testsuite name="AngularTest" tests="3" time="6.701" ignored="0" failures="0" timestamp="08 Apr 2020 07:49:56 GMT" skipped="0" hostname="Naveen-Mac.local" errors="0">
  <testcase name="calDivTest" time="2.515" classname="AngularTest"/>
  <testcase name="calSumTest" time="2.089" classname="AngularTest"/>
  <testcase name="calSubTest" time="2.097" classname="AngularTest"/>
</testsuite> <!-- AngularTest -->
